<?xml version="1.0" encoding="UTF-8"?>
<robot generator="Robot 7.4.2 (Python 3.14.4 on win32)" generated="2026-04-27T19:35:29.042405" rpa="false" schemaversion="5">
<suite id="s1" name="Python Robotframework Project" source="D:\PYTHON ROBOTFRAMEWORK SOFTWARE AND PROJECTS\python_robotframework_project">
<suite id="s1-s1" name="Pythonpractice" source="D:\PYTHON ROBOTFRAMEWORK SOFTWARE AND PROJECTS\python_robotframework_project\pythonpractice">
<suite id="s1-s1-s1" name="Logintest" source="D:\PYTHON ROBOTFRAMEWORK SOFTWARE AND PROJECTS\python_robotframework_project\pythonpractice\logintest.robot">
<test id="s1-s1-s1-t1" name="Example Test" line="10">
<kw name="Sleep" owner="BuiltIn">
<msg time="2026-04-27T19:35:39.324504" level="INFO">Slept 10 seconds.</msg>
<arg>time_=10s</arg>
<doc>Pauses the test executed for the given time.</doc>
<status status="PASS" start="2026-04-27T19:35:29.323269" elapsed="10.002268"/>
</kw>
<kw name="Open Browser" owner="SeleniumLibrary">
<msg time="2026-04-27T19:35:39.327268" level="INFO">Opening browser 'firefox' to base url ' at '.</msg>
<msg time="2026-04-27T19:35:44.505944" level="INFO" html="true">&lt;/td&gt;&lt;/tr&gt;&lt;tr&gt;&lt;td colspan="3"&gt;&lt;a href="selenium-screenshot-2.png"&gt;&lt;img src="selenium-screenshot-2.png" width="800px"&gt;&lt;/a&gt;</msg>
<msg time="2026-04-27T19:35:44.506292" level="FAIL">InvalidArgumentException: Message: Expected "url" to be a valid URL, got  at 
Stacktrace:
RemoteError@chrome://remote/content/shared/RemoteError.sys.mjs:8:8
WebDriverError@chrome://remote/content/shared/webdriver/Errors.sys.mjs:202:5
InvalidArgumentError@chrome://remote/content/shared/webdriver/Errors.sys.mjs:404:5
GeckoDriver.prototype.navigateTo@chrome://remote/content/marionette/driver.sys.mjs:1196:11
</msg>
<arg>${browser} at ${url}</arg>
<doc>Opens a new browser instance to the optional ``url``.</doc>
<status status="FAIL" start="2026-04-27T19:35:39.326665" elapsed="5.188512">InvalidArgumentException: Message: Expected "url" to be a valid URL, got  at 
Stacktrace:
RemoteError@chrome://remote/content/shared/RemoteError.sys.mjs:8:8
WebDriverError@chrome://remote/content/shared/webdriver/Errors.sys.mjs:202:5
InvalidArgumentError@chrome://remote/content/shared/webdriver/Errors.sys.mjs:404:5
GeckoDriver.prototype.navigateTo@chrome://remote/content/marionette/driver.sys.mjs:1196:11
</status>
</kw>
<kw name="Delete All Cookies" owner="SeleniumLibrary">
<doc>Deletes all cookies.</doc>
<status status="NOT RUN" start="2026-04-27T19:35:44.521333" elapsed="0.000158"/>
</kw>
<kw name="Maximize Browser Window" owner="SeleniumLibrary">
<doc>Maximizes current browser window.</doc>
<status status="NOT RUN" start="2026-04-27T19:35:44.522470" elapsed="0.000164"/>
</kw>
<kw name="Close Browser" owner="SeleniumLibrary">
<doc>Closes the current browser.</doc>
<status status="NOT RUN" start="2026-04-27T19:35:44.522842" elapsed="0.000089"/>
</kw>
<status status="FAIL" start="2026-04-27T19:35:29.317560" elapsed="15.205714">InvalidArgumentException: Message: Expected "url" to be a valid URL, got  at 
Stacktrace:
RemoteError@chrome://remote/content/shared/RemoteError.sys.mjs:8:8
WebDriverError@chrome://remote/content/shared/webdriver/Errors.sys.mjs:202:5
InvalidArgumentError@chrome://remote/content/shared/webdriver/Errors.sys.mjs:404:5
GeckoDriver.prototype.navigateTo@chrome://remote/content/marionette/driver.sys.mjs:1196:11
</status>
</test>
<status status="FAIL" start="2026-04-27T19:35:29.094003" elapsed="15.436267"/>
</suite>
<status status="FAIL" start="2026-04-27T19:35:29.089530" elapsed="15.448844"/>
</suite>
<status status="FAIL" start="2026-04-27T19:35:29.047300" elapsed="15.494663"/>
</suite>
<statistics>
<total>
<stat pass="0" fail="1" skip="0">All Tests</stat>
</total>
<tag>
</tag>
<suite>
<stat name="Python Robotframework Project" id="s1" pass="0" fail="1" skip="0">Python Robotframework Project</stat>
<stat name="Pythonpractice" id="s1-s1" pass="0" fail="1" skip="0">Python Robotframework Project.Pythonpractice</stat>
<stat name="Logintest" id="s1-s1-s1" pass="0" fail="1" skip="0">Python Robotframework Project.Pythonpractice.Logintest</stat>
</suite>
</statistics>
<errors>
<msg time="2026-04-27T19:35:29.099791" level="ERROR">Error in file 'D:\PYTHON ROBOTFRAMEWORK SOFTWARE AND PROJECTS\python_robotframework_project\pythonpractice\logintest.robot' on line 2: Processing variable file 'D:\PYTHON ROBOTFRAMEWORK SOFTWARE AND PROJECTS\python_robotframework_project\pythonpractice\load_properties.py' failed: FileNotFoundError: [Errno 2] No such file or directory: 'config.properties'</msg>
</errors>
</robot>
